2026-06-10 07:35:27,721 - __main__ - INFO - Starting FreeBeats bot...
2026-06-10 07:35:27,722 - aiogram.dispatcher - INFO - Start polling
2026-06-10 07:35:30,829 - aiogram.dispatcher - INFO - Run polling for bot @musiceooooozbot id=8766143914 - 'CEOOOZ MUSIC'
2026-06-10 07:35:47,701 - __main__ - INFO - User 8455378824 started bot
2026-06-10 07:35:47,701 - aiogram.event - INFO - Update id=141016043 is handled. Duration 422 ms by bot id=8766143914
2026-06-10 07:36:01,100 - __main__ - INFO - User 6488084667 started bot
2026-06-10 07:36:01,101 - aiogram.event - INFO - Update id=141016044 is handled. Duration 172 ms by bot id=8766143914
2026-06-10 07:36:05,842 - aiogram.event - INFO - Update id=141016045 is handled. Duration 188 ms by bot id=8766143914
2026-06-10 07:36:10,219 - aiogram.event - INFO - Update id=141016046 is handled. Duration 157 ms by bot id=8766143914
2026-06-10 07:36:16,425 - __main__ - INFO - Search query: 'billie eilish' - Found 8 tracks
2026-06-10 07:36:16,735 - aiogram.event - INFO - Update id=141016047 is handled. Duration 1390 ms by bot id=8766143914
2026-06-10 07:38:12,477 - __main__ - INFO - Starting FreeBeats bot...
2026-06-10 07:38:12,477 - aiogram.dispatcher - INFO - Start polling
2026-06-10 07:38:12,877 - aiogram.dispatcher - INFO - Run polling for bot @musiceooooozbot id=8766143914 - 'CEOOOZ MUSIC'
2026-06-10 07:38:13,483 - __main__ - INFO - User 6488084667 started bot
2026-06-10 07:38:13,484 - aiogram.event - INFO - Update id=141016048 is handled. Duration 469 ms by bot id=8766143914
2026-06-10 07:38:20,055 - __main__ - INFO - User 6488084667 started bot
2026-06-10 07:38:20,055 - aiogram.event - INFO - Update id=141016049 is handled. Duration 171 ms by bot id=8766143914
2026-06-10 07:39:14,366 - aiogram.dispatcher - INFO - Polling stopped for bot @musiceooooozbot id=8766143914 - 'CEOOOZ MUSIC'
2026-06-10 07:39:14,368 - aiogram.dispatcher - INFO - Polling stopped
2026-06-10 07:39:14,369 - __main__ - INFO - Bot shutdown complete
